<?xml version="1.0" encoding="UTF-8"?>
<testsuite name="com.kodilla.basic_assertion.PrimeCheckerTestSuite" tests="6" skipped="0" failures="0" errors="0" timestamp="2020-01-26T22:17:49" hostname="PC1" time="0.055">
  <properties/>
  <testcase name="shouldReturnFalseWhenPassingNegativeNumber()" classname="com.kodilla.basic_assertion.PrimeCheckerTestSuite" time="0.03"/>
  <testcase name="shouldReturnTrueWhenPassingTwo()" classname="com.kodilla.basic_assertion.PrimeCheckerTestSuite" time="0.002"/>
  <testcase name="shouldReturnFalseWhenPassingNotPrimeNumber()" classname="com.kodilla.basic_assertion.PrimeCheckerTestSuite" time="0.001"/>
  <testcase name="shouldReturnFalseWhenPassingZero()" classname="com.kodilla.basic_assertion.PrimeCheckerTestSuite" time="0.005"/>
  <testcase name="shouldReturnTrueWhenPassingPrimeNumber()" classname="com.kodilla.basic_assertion.PrimeCheckerTestSuite" time="0.004"/>
  <testcase name="shouldReturnFalseWhenPassingOne()" classname="com.kodilla.basic_assertion.PrimeCheckerTestSuite" time="0.001"/>
  <system-out><![CDATA[Test number 1
Test number 2
Test number 3
Test number 4
Test number 5
Test number 6
]]></system-out>
  <system-err><![CDATA[]]></system-err>
</testsuite>
